[debug] [2020-04-17T10:47:29.571Z] ----------------------------------------------------------------------
[debug] [2020-04-17T10:47:29.573Z] Command:       C:\Program Files\nodejs\node.exe C:\Users\gakuy\AppData\Roaming\npm\node_modules\firebase-tools\lib\bin\firebase.js serve
[debug] [2020-04-17T10:47:29.573Z] CLI Version:   8.0.3
[debug] [2020-04-17T10:47:29.573Z] Platform:      win32
[debug] [2020-04-17T10:47:29.573Z] Node Version:  v12.13.1
[debug] [2020-04-17T10:47:29.574Z] Time:          Fri Apr 17 2020 19:47:29 GMT+0900 (GMT+09:00)
[debug] [2020-04-17T10:47:29.575Z] ----------------------------------------------------------------------
[debug] [2020-04-17T10:47:29.575Z] 
[debug] [2020-04-17T10:47:29.588Z] > command requires scopes: ["email","openid","https://www.googleapis.com/auth/cloudplatformprojects.readonly","https://www.googleapis.com/auth/firebase","https://www.googleapis.com/auth/cloud-platform"]
[debug] [2020-04-17T10:47:29.589Z] > authorizing via signed-in user
[debug] [2020-04-17T10:47:29.589Z] [iam] checking project widget-demo-miniprogram for permissions ["firebase.projects.get"]
[debug] [2020-04-17T10:47:29.592Z] >>> HTTP REQUEST POST https://cloudresourcemanager.googleapis.com/v1/projects/widget-demo-miniprogram:testIamPermissions  
 {"permissions":["firebase.projects.get"]}
[debug] [2020-04-17T10:47:30.428Z] <<< HTTP RESPONSE 200 {"content-type":"application/json; charset=UTF-8","vary":"X-Origin, Referer, Origin,Accept-Encoding","date":"Fri, 17 Apr 2020 10:47:29 GMT","server":"ESF","cache-control":"private","x-xss-protection":"0","x-frame-options":"SAMEORIGIN","x-content-type-options":"nosniff","server-timing":"gfet4t7; dur=656","alt-svc":"quic=\":443\"; ma=2592000; v=\"46,43\",h3-Q050=\":443\"; ma=2592000,h3-Q049=\":443\"; ma=2592000,h3-Q048=\":443\"; ma=2592000,h3-Q046=\":443\"; ma=2592000,h3-Q043=\":443\"; ma=2592000,h3-T050=\":443\"; ma=2592000","accept-ranges":"none","transfer-encoding":"chunked"}
[debug] [2020-04-17T10:47:30.433Z] >>> HTTP REQUEST GET https://firebase.googleapis.com/v1beta1/projects/widget-demo-miniprogram  
 
[debug] [2020-04-17T10:47:31.148Z] <<< HTTP RESPONSE 200 {"content-type":"application/json; charset=UTF-8","vary":"X-Origin, Referer, Origin,Accept-Encoding","date":"Fri, 17 Apr 2020 10:47:30 GMT","server":"ESF","cache-control":"private","x-xss-protection":"0","x-frame-options":"SAMEORIGIN","x-content-type-options":"nosniff","alt-svc":"quic=\":443\"; ma=2592000; v=\"46,43\",h3-Q050=\":443\"; ma=2592000,h3-Q049=\":443\"; ma=2592000,h3-Q048=\":443\"; ma=2592000,h3-Q046=\":443\"; ma=2592000,h3-Q043=\":443\"; ma=2592000,h3-T050=\":443\"; ma=2592000","accept-ranges":"none","transfer-encoding":"chunked"}
[info] 
[info] === Serving from 'C:\Users\gakuy\Documents\tis\widget\widget-store-content\widget'...
[info] 
[debug] [2020-04-17T10:47:31.160Z] >>> HTTP REQUEST GET https://firebase.googleapis.com/v1beta1/projects/widget-demo-miniprogram/webApps/-/config  
 
[debug] [2020-04-17T10:47:32.214Z] <<< HTTP RESPONSE 200 {"content-type":"application/json; charset=UTF-8","vary":"X-Origin, Referer, Origin,Accept-Encoding","date":"Fri, 17 Apr 2020 10:47:31 GMT","server":"ESF","cache-control":"private","x-xss-protection":"0","x-frame-options":"SAMEORIGIN","x-content-type-options":"nosniff","alt-svc":"quic=\":443\"; ma=2592000; v=\"46,43\",h3-Q050=\":443\"; ma=2592000,h3-Q049=\":443\"; ma=2592000,h3-Q048=\":443\"; ma=2592000,h3-Q046=\":443\"; ma=2592000,h3-Q043=\":443\"; ma=2592000,h3-T050=\":443\"; ma=2592000","accept-ranges":"none","transfer-encoding":"chunked"}
[info] i  hosting: Serving hosting files from: build
[info] +  hosting: Local server: http://localhost:5000
